  glad.c
  main.cpp
C:\Users\noam4\source\repos\game\game\player.h(23,15): warning C4244: 'initializing': conversion from 'double' to 'float', possible loss of data
C:\Users\noam4\source\repos\game\game\Obstacle.h(25,1): warning C4244: '-=': conversion from 'double' to 'T', possible loss of data
          with
          [
              T=float
          ]
C:\Users\noam4\source\repos\game\game\main.cpp(200,20): warning C4244: 'initializing': conversion from 'double' to 'float', possible loss of data
C:\Users\noam4\source\repos\game\game\main.cpp(217,16): warning C4244: 'initializing': conversion from 'double' to 'float', possible loss of data
C:\Users\noam4\source\repos\game\game\main.cpp(218,16): warning C4244: 'initializing': conversion from 'double' to 'float', possible loss of data
C:\Users\noam4\source\repos\game\game\main.cpp(219,15): warning C4244: '=': conversion from 'double' to 'float', possible loss of data
C:\Users\noam4\source\repos\game\game\main.cpp(220,15): warning C4244: '=': conversion from 'double' to 'float', possible loss of data
  shader.h
  Generating Code...
glfw3.lib(context.obj) : warning LNK4099: PDB 'glfw.pdb' was not found with 'glfw3.lib(context.obj)' or at 'C:\Users\noam4\source\repos\game\x64\Debug\glfw.pdb'; linking object as if no debug info
glfw3.lib(init.obj) : warning LNK4099: PDB '' was not found with 'glfw3.lib(init.obj)' or at ''; linking object as if no debug info
glfw3.lib(input.obj) : warning LNK4099: PDB 'glfw.pdb' was not found with 'glfw3.lib(input.obj)' or at 'C:\Users\noam4\source\repos\game\x64\Debug\glfw.pdb'; linking object as if no debug info
glfw3.lib(monitor.obj) : warning LNK4099: PDB '' was not found with 'glfw3.lib(monitor.obj)' or at ''; linking object as if no debug info
glfw3.lib(vulkan.obj) : warning LNK4099: PDB '' was not found with 'glfw3.lib(vulkan.obj)' or at ''; linking object as if no debug info
glfw3.lib(window.obj) : warning LNK4099: PDB 'glfw.pdb' was not found with 'glfw3.lib(window.obj)' or at 'C:\Users\noam4\source\repos\game\x64\Debug\glfw.pdb'; linking object as if no debug info
glfw3.lib(win32_init.obj) : warning LNK4099: PDB '' was not found with 'glfw3.lib(win32_init.obj)' or at ''; linking object as if no debug info
glfw3.lib(win32_joystick.obj) : warning LNK4099: PDB '' was not found with 'glfw3.lib(win32_joystick.obj)' or at ''; linking object as if no debug info
glfw3.lib(win32_monitor.obj) : warning LNK4099: PDB 'glfw.pdb' was not found with 'glfw3.lib(win32_monitor.obj)' or at 'C:\Users\noam4\source\repos\game\x64\Debug\glfw.pdb'; linking object as if no debug info
glfw3.lib(win32_time.obj) : warning LNK4099: PDB '' was not found with 'glfw3.lib(win32_time.obj)' or at ''; linking object as if no debug info
glfw3.lib(win32_thread.obj) : warning LNK4099: PDB '' was not found with 'glfw3.lib(win32_thread.obj)' or at ''; linking object as if no debug info
glfw3.lib(win32_window.obj) : warning LNK4099: PDB 'glfw.pdb' was not found with 'glfw3.lib(win32_window.obj)' or at 'C:\Users\noam4\source\repos\game\x64\Debug\glfw.pdb'; linking object as if no debug info
glfw3.lib(wgl_context.obj) : warning LNK4099: PDB '' was not found with 'glfw3.lib(wgl_context.obj)' or at ''; linking object as if no debug info
glfw3.lib(egl_context.obj) : warning LNK4099: PDB '' was not found with 'glfw3.lib(egl_context.obj)' or at ''; linking object as if no debug info
glfw3.lib(osmesa_context.obj) : warning LNK4099: PDB 'glfw.pdb' was not found with 'glfw3.lib(osmesa_context.obj)' or at 'C:\Users\noam4\source\repos\game\x64\Debug\glfw.pdb'; linking object as if no debug info
  game.vcxproj -> C:\Users\noam4\source\repos\game\x64\Debug\game.exe
